<?xml version="1.0" encoding="UTF-8"?>
<!-- Generated by org.testng.reporters.JUnitReportReporter -->
<testsuite hostname="DESKTOP-FO8D5TE" failures="0" tests="1" name="testscript.tc1" time="13.779" errors="0" timestamp="2021-11-08T13:30:48 IST" skipped="0">
  <testcase classname="testscript.tc1" name="test1" time="13.779"/>
  <system-out/>
</testsuite> <!-- testscript.tc1 -->
