<?xml version="1.0" encoding="UTF-8"?>
<!-- Generated by org.testng.reporters.JUnitReportReporter -->
<testsuite hostname="DESKTOP-FO8D5TE" failures="0" tests="1" name="testscripts.Organization" time="0.016" errors="0" timestamp="2021-11-10T16:21:11 IST" skipped="0">
  <testcase classname="testscripts.Organization" name="org" time="0.016"/>
  <system-out/>
</testsuite> <!-- testscripts.Organization -->
