<?xml version="1.0" encoding="UTF-8"?>
<!-- Generated by org.testng.reporters.JUnitReportReporter -->
<testsuite hostname="DESKTOP-FO8D5TE" failures="0" tests="1" name="tscript.contct" time="0.016" errors="0" timestamp="2021-11-11T12:52:12 IST" skipped="0">
  <testcase classname="tscript.contct" name="m1" time="0.016"/>
  <system-out/>
</testsuite> <!-- tscript.contct -->
